2024-Sep-17 11:04:04 Наличие необходимых модулей php (check_php_modules): Ok
Все необходимые модули установлены
2024-Sep-17 11:04:04 Обязательные параметры PHP (check_php_settings): Ok
Настройки правильные
2024-Sep-17 11:04:04 Модули веб-сервера (check_security): Ok
Конфликтов не выявлено
2024-Sep-17 11:04:04 Значения переменных сервера (check_server_vars): Ok
Корректные
2024-Sep-17 11:04:04 Сохранение сессии (check_session): Ok
50% done
2024-Sep-17 11:04:04 Сохранение сессии (check_session): Ok
Успешно
2024-Sep-17 11:04:04 Параметры настройки UTF (mbstring и константа BX_UTF) (check_mbstring): Ok
Правильные. Сайт работает в UTF кодировке
2024-Sep-17 11:04:04 Служебные скрипты в корне сайта (check_install_scripts): Ok
Отсутствуют
2024-Sep-17 11:04:04 Работа с сокетами (check_socket): Ok
Connection to colorit.unic-test.ru:80	Success

Успешно
2024-Sep-17 11:04:04 Выполнение агентов на cron (check_bx_crontab): Ok
Успешно
2024-Sep-17 11:04:04 Параметры подключения к базе данных (check_dbconn_settings): Ok
Успешно
2024-Sep-17 11:04:04 Лишний вывод в файлах конфигурации (check_dbconn): Ok
Connection to colorit.unic-test.ru:80	Success

Успешно
2024-Sep-17 11:04:04 Сохранение сессии без UserAgent (check_session_ua): Ok
50% done
Connection to colorit.unic-test.ru:80	Success

2024-Sep-17 11:04:04 Сохранение сессии без UserAgent (check_session_ua): Ok
Connection to colorit.unic-test.ru:80	Success

Успешно
2024-Sep-17 11:04:04 Настройки сайтов (check_sites): Ok
Правильные
2024-Sep-17 11:04:04 Размер стека и pcre.recursion_limit (check_pcre_recursion): Ok
Connection to colorit.unic-test.ru:80	Success

Успешно
2024-Sep-17 11:04:04 Загрузка файла (check_upload): Ok
Connection to colorit.unic-test.ru:80	Success

Успешно
2024-Sep-17 11:04:04 Загрузка файла больше 4Мб (check_upload_big): Ok
Connection to colorit.unic-test.ru:80	Success

Успешно
2024-Sep-17 11:04:05 Загрузка файла через php://input (check_upload_raw): Ok
Connection to colorit.unic-test.ru:80	Success

Успешно
2024-Sep-17 11:04:05 Передача POST запроса с большим числом параметров (check_post): Ok
Connection to colorit.unic-test.ru:80	Success

Успешно
2024-Sep-17 11:04:05 Отправка почты (check_mail): Ok
Успешно
2024-Sep-17 11:04:05 Отправка почтового сообщения больше 64Кб (check_mail_big): Ok
Успешно
2024-Sep-17 11:04:05 Проверка на наличие неотправленных сообщений (check_mail_b_event): Ok
Успешно
2024-Sep-17 11:04:05 Внутреннее перенаправление (функция LocalRedirect) (check_localredirect): Ok
50% done
Connection to colorit.unic-test.ru:80	Success

2024-Sep-17 11:04:05 Внутреннее перенаправление (функция LocalRedirect) (check_localredirect): Ok
Connection to colorit.unic-test.ru:80	Success

Успешно
2024-Sep-17 11:04:05 Фактическое ограничение памяти (check_memory_limit): Ok
20% done
Connection to colorit.unic-test.ru:80	Success

2024-Sep-17 11:04:05 Фактическое ограничение памяти (check_memory_limit): Ok
40% done
Connection to colorit.unic-test.ru:80	Success

2024-Sep-17 11:04:05 Фактическое ограничение памяти (check_memory_limit): Ok
60% done
Connection to colorit.unic-test.ru:80	Success

2024-Sep-17 11:04:05 Фактическое ограничение памяти (check_memory_limit): Ok
80% done
Connection to colorit.unic-test.ru:80	Success

2024-Sep-17 11:04:05 Фактическое ограничение памяти (check_memory_limit): Ok
Connection to colorit.unic-test.ru:80	Success

Не менее 256 М
2024-Sep-17 11:04:05 Работа с файлами кеша (check_cache): Ok
Успешно
2024-Sep-17 11:04:06 Доступ к серверу обновлений (check_update): Ok
Успешно
2024-Sep-17 11:04:06 HTTP авторизация (check_http_auth): Ok
Connection to colorit.unic-test.ru:80	Success

Успешно
2024-Sep-17 11:04:06 Создание и запуск файла (check_exec): Ok
Connection to colorit.unic-test.ru:80	Success

Успешно
2024-Sep-17 11:04:06 Функция getimagesize для swf (check_getimagesize): Ok
Успешно
2024-Sep-17 11:04:06 Версия MySQL-сервера (check_mysql_bug_version): Ok
Успешно
2024-Sep-17 11:04:07 Время на БД и веб-сервере (check_mysql_time): Ok
Успешно
2024-Sep-17 11:04:07 Режим работы MySQL (check_mysql_mode): Ok
Успешно
2024-Sep-17 11:04:07 Кодировка соединения (check_mysql_connection_charset): Ok
character_set_connection=utf8, collation_connection=utf8_unicode_ci, character_set_results=utf8
Успешно
2024-Sep-17 11:04:07 Кодировка базы данных (check_mysql_db_charset): Ok
CHARSET=utf8mb3, COLLATION=utf8mb3_unicode_ci
Успешно
2024-Sep-17 11:04:07 Кодировки таблиц в БД (check_mysql_table_charset): Ok
Успешно
2024-Sep-17 11:04:08 Структура базы данных (check_mysql_table_structure): Ok
0% done
2024-Sep-17 11:04:08 Структура базы данных (check_mysql_table_structure): Ok
3% done
2024-Sep-17 11:04:08 Структура базы данных (check_mysql_table_structure): Ok
7% done
2024-Sep-17 11:04:09 Структура базы данных (check_mysql_table_structure): Ok
11% done
2024-Sep-17 11:04:09 Структура базы данных (check_mysql_table_structure): Ok
15% done
2024-Sep-17 11:04:09 Структура базы данных (check_mysql_table_structure): Ok
19% done
2024-Sep-17 11:04:09 Структура базы данных (check_mysql_table_structure): Ok
23% done
2024-Sep-17 11:04:09 Структура базы данных (check_mysql_table_structure): Ok
26% done
2024-Sep-17 11:04:09 Структура базы данных (check_mysql_table_structure): Ok
30% done
2024-Sep-17 11:04:10 Структура базы данных (check_mysql_table_structure): Ok
34% done
2024-Sep-17 11:04:10 Структура базы данных (check_mysql_table_structure): Ok
38% done
2024-Sep-17 11:04:10 Структура базы данных (check_mysql_table_structure): Ok
42% done
2024-Sep-17 11:04:11 Структура базы данных (check_mysql_table_structure): Ok
46% done
2024-Sep-17 11:04:11 Структура базы данных (check_mysql_table_structure): Ok
50% done
2024-Sep-17 11:04:11 Структура базы данных (check_mysql_table_structure): Ok
53% done
2024-Sep-17 11:04:12 Структура базы данных (check_mysql_table_structure): Ok
57% done
2024-Sep-17 11:04:14 Структура базы данных (check_mysql_table_structure): Ok
61% done
2024-Sep-17 11:04:15 Структура базы данных (check_mysql_table_structure): Ok
65% done
2024-Sep-17 11:04:15 Структура базы данных (check_mysql_table_structure): Ok
69% done
2024-Sep-17 11:04:15 Структура базы данных (check_mysql_table_structure): Ok
73% done
2024-Sep-17 11:04:15 Структура базы данных (check_mysql_table_structure): Ok
76% done
2024-Sep-17 11:04:16 Структура базы данных (check_mysql_table_structure): Ok
80% done
2024-Sep-17 11:04:16 Структура базы данных (check_mysql_table_structure): Ok
84% done
2024-Sep-17 11:04:16 Структура базы данных (check_mysql_table_structure): Ok
88% done
2024-Sep-17 11:04:17 Структура базы данных (check_mysql_table_structure): Ok
92% done
